<?xml version="1.0" encoding="UTF-8"?>
<testsuite xmlns:xsi="http://www.w3.org/2001/XMLSchema-instance" xsi:noNamespaceSchemaLocation="https://maven.apache.org/surefire/maven-surefire-plugin/xsd/surefire-test-report.xsd" name="com.ibm.integration.AppTest" time="0.02" tests="1" errors="0" skipped="0" failures="0">
  <properties>
    <property name="java.specification.version" value="18"/>
    <property name="sun.jnu.encoding" value="UTF-8"/>
    <property name="java.class.path" value="/home/martin/git-repos/mq-gitops-samples/queue-manager-basic-deployment/code/qmdemo-producer/target/test-classes:/home/martin/git-repos/mq-gitops-samples/queue-manager-basic-deployment/code/qmdemo-producer/target/classes:/home/martin/.m2/repository/junit/junit/4.11/junit-4.11.jar:/home/martin/.m2/repository/org/hamcrest/hamcrest-core/1.3/hamcrest-core-1.3.jar:/home/martin/.m2/repository/com/ibm/mq/com.ibm.mq.allclient/9.3.5.0/com.ibm.mq.allclient-9.3.5.0.jar:/home/martin/.m2/repository/org/bouncycastle/bcprov-jdk18on/1.77/bcprov-jdk18on-1.77.jar:/home/martin/.m2/repository/org/bouncycastle/bcpkix-jdk18on/1.77/bcpkix-jdk18on-1.77.jar:/home/martin/.m2/repository/org/bouncycastle/bcutil-jdk18on/1.77/bcutil-jdk18on-1.77.jar:/home/martin/.m2/repository/javax/jms/javax.jms-api/2.0.1/javax.jms-api-2.0.1.jar:/home/martin/.m2/repository/org/json/json/20231013/json-20231013.jar:/home/martin/.m2/repository/com/fasterxml/jackson/core/jackson-annotations/2.16.0/jackson-annotations-2.16.0.jar:/home/martin/.m2/repository/com/fasterxml/jackson/core/jackson-core/2.16.0/jackson-core-2.16.0.jar:/home/martin/.m2/repository/com/fasterxml/jackson/core/jackson-databind/2.16.0/jackson-databind-2.16.0.jar:"/>
    <property name="java.vm.vendor" value="Private Build"/>
    <property name="sun.arch.data.model" value="64"/>
    <property name="java.vendor.url" value="Unknown"/>
    <property name="os.name" value="Linux"/>
    <property name="java.vm.specification.version" value="18"/>
    <property name="sun.java.launcher" value="SUN_STANDARD"/>
    <property name="sun.boot.library.path" value="/usr/lib/jvm/java-18-openjdk-amd64/lib"/>
    <property name="sun.java.command" value="/home/martin/git-repos/mq-gitops-samples/queue-manager-basic-deployment/code/qmdemo-producer/target/surefire/surefirebooter9957996328952046813.jar /home/martin/git-repos/mq-gitops-samples/queue-manager-basic-deployment/code/qmdemo-producer/target/surefire 2024-05-16T08-38-01_005-jvmRun1 surefire4590907674343070747tmp surefire_0169313259364293510tmp"/>
    <property name="jdk.debug" value="release"/>
    <property name="surefire.test.class.path" value="/home/martin/git-repos/mq-gitops-samples/queue-manager-basic-deployment/code/qmdemo-producer/target/test-classes:/home/martin/git-repos/mq-gitops-samples/queue-manager-basic-deployment/code/qmdemo-producer/target/classes:/home/martin/.m2/repository/junit/junit/4.11/junit-4.11.jar:/home/martin/.m2/repository/org/hamcrest/hamcrest-core/1.3/hamcrest-core-1.3.jar:/home/martin/.m2/repository/com/ibm/mq/com.ibm.mq.allclient/9.3.5.0/com.ibm.mq.allclient-9.3.5.0.jar:/home/martin/.m2/repository/org/bouncycastle/bcprov-jdk18on/1.77/bcprov-jdk18on-1.77.jar:/home/martin/.m2/repository/org/bouncycastle/bcpkix-jdk18on/1.77/bcpkix-jdk18on-1.77.jar:/home/martin/.m2/repository/org/bouncycastle/bcutil-jdk18on/1.77/bcutil-jdk18on-1.77.jar:/home/martin/.m2/repository/javax/jms/javax.jms-api/2.0.1/javax.jms-api-2.0.1.jar:/home/martin/.m2/repository/org/json/json/20231013/json-20231013.jar:/home/martin/.m2/repository/com/fasterxml/jackson/core/jackson-annotations/2.16.0/jackson-annotations-2.16.0.jar:/home/martin/.m2/repository/com/fasterxml/jackson/core/jackson-core/2.16.0/jackson-core-2.16.0.jar:/home/martin/.m2/repository/com/fasterxml/jackson/core/jackson-databind/2.16.0/jackson-databind-2.16.0.jar:"/>
    <property name="sun.cpu.endian" value="little"/>
    <property name="user.home" value="/home/martin"/>
    <property name="user.language" value="en"/>
    <property name="java.specification.vendor" value="Oracle Corporation"/>
    <property name="java.version.date" value="2022-07-19"/>
    <property name="java.home" value="/usr/lib/jvm/java-18-openjdk-amd64"/>
    <property name="file.separator" value="/"/>
    <property name="basedir" value="/home/martin/git-repos/mq-gitops-samples/queue-manager-basic-deployment/code/qmdemo-producer"/>
    <property name="java.vm.compressedOopsMode" value="Zero based"/>
    <property name="line.separator" value="&#10;"/>
    <property name="java.vm.specification.vendor" value="Oracle Corporation"/>
    <property name="java.specification.name" value="Java Platform API Specification"/>
    <property name="surefire.real.class.path" value="/home/martin/git-repos/mq-gitops-samples/queue-manager-basic-deployment/code/qmdemo-producer/target/surefire/surefirebooter9957996328952046813.jar"/>
    <property name="sun.management.compiler" value="HotSpot 64-Bit Tiered Compilers"/>
    <property name="java.runtime.version" value="18.0.2-ea+9-Ubuntu-222.04"/>
    <property name="user.name" value="martin"/>
    <property name="path.separator" value=":"/>
    <property name="os.version" value="5.15.146.1-microsoft-standard-WSL2"/>
    <property name="java.runtime.name" value="OpenJDK Runtime Environment"/>
    <property name="file.encoding" value="UTF-8"/>
    <property name="java.vm.name" value="OpenJDK 64-Bit Server VM"/>
    <property name="localRepository" value="/home/martin/.m2/repository"/>
    <property name="java.vendor.url.bug" value="Unknown"/>
    <property name="java.io.tmpdir" value="/tmp"/>
    <property name="java.version" value="18.0.2-ea"/>
    <property name="user.dir" value="/home/martin/git-repos/mq-gitops-samples/queue-manager-basic-deployment/code/qmdemo-producer"/>
    <property name="os.arch" value="amd64"/>
    <property name="java.vm.specification.name" value="Java Virtual Machine Specification"/>
    <property name="native.encoding" value="UTF-8"/>
    <property name="java.library.path" value="/usr/java/packages/lib:/usr/lib/x86_64-linux-gnu/jni:/lib/x86_64-linux-gnu:/usr/lib/x86_64-linux-gnu:/usr/lib/jni:/lib:/usr/lib"/>
    <property name="java.vm.info" value="mixed mode, sharing"/>
    <property name="java.vendor" value="Private Build"/>
    <property name="java.vm.version" value="18.0.2-ea+9-Ubuntu-222.04"/>
    <property name="sun.io.unicode.encoding" value="UnicodeLittle"/>
    <property name="java.class.version" value="62.0"/>
  </properties>
  <testcase name="shouldAnswerWithTrue" classname="com.ibm.integration.AppTest" time="0.003"/>
</testsuite>